build/app/intermediates/manifest_merge_blame_file/release/manifest-merger-blame-release-report.txt
1<?xml version="1.0" encoding="utf-8"?>
2<manifest xmlns:android="http://schemas.android.com/apk/res/android"
3    package="com.oxoo.spagreen"
4    android:versionCode="1"
5    android:versionName="1.0.0" >
6
7    <uses-sdk
8        android:minSdkVersion="21"
8-->src\main\AndroidManifest.xml
9        android:targetSdkVersion="31" />
9-->src\main\AndroidManifest.xml
10
11    <uses-permission android:name="android.permission.INTERNET" />
11-->src\main\AndroidManifest.xml:4:5-66
11-->src\main\AndroidManifest.xml:4:22-64
12    <uses-permission android:name="android.permission.READ_EXTERNAL_STORAGE" />
12-->src\main\AndroidManifest.xml:5:5-79
12-->src\main\AndroidManifest.xml:5:22-77
13    <uses-permission android:name="android.permission.WRITE_EXTERNAL_STORAGE" />
13-->src\main\AndroidManifest.xml:6:5-80
13-->src\main\AndroidManifest.xml:6:22-78
14
15    <queries>
15-->[:flutter_inappwebview] AndroidManifest.xml:9:5-13:15
16        <intent>
16-->[:flutter_inappwebview] AndroidManifest.xml:10:9-12:18
17            <action android:name="android.support.customtabs.action.CustomTabsService" />
17-->[:flutter_inappwebview] AndroidManifest.xml:11:13-90
17-->[:flutter_inappwebview] AndroidManifest.xml:11:21-87
18        </intent>
19        <intent>
19-->[:flutter_downloader] AndroidManifest.xml:11:9-13:18
20            <action android:name="android.intent.action.VIEW" />
20-->[:flutter_downloader] AndroidManifest.xml:12:13-65
20-->[:flutter_downloader] AndroidManifest.xml:12:21-62
21        </intent>
22        <intent>
22-->[com.razorpay:standard-core:1.6.40] AndroidManifest.xml:11:9-17:18
23            <action android:name="android.intent.action.VIEW" />
23-->[:flutter_downloader] AndroidManifest.xml:12:13-65
23-->[:flutter_downloader] AndroidManifest.xml:12:21-62
24
25            <data
25-->[com.razorpay:standard-core:1.6.40] AndroidManifest.xml:14:13-16:38
26                android:mimeType="*/*"
26-->[com.razorpay:standard-core:1.6.40] AndroidManifest.xml:15:17-39
27                android:scheme="*" />
27-->[com.razorpay:standard-core:1.6.40] AndroidManifest.xml:16:17-35
28        </intent>
29        <intent>
29-->[com.razorpay:standard-core:1.6.40] AndroidManifest.xml:18:9-27:18
30            <action android:name="android.intent.action.VIEW" />
30-->[:flutter_downloader] AndroidManifest.xml:12:13-65
30-->[:flutter_downloader] AndroidManifest.xml:12:21-62
31
32            <category android:name="android.intent.category.BROWSABLE" />
32-->[com.razorpay:standard-core:1.6.40] AndroidManifest.xml:21:13-74
32-->[com.razorpay:standard-core:1.6.40] AndroidManifest.xml:21:23-71
33
34            <data
34-->[com.razorpay:standard-core:1.6.40] AndroidManifest.xml:14:13-16:38
35                android:host="pay"
36                android:mimeType="*/*"
36-->[com.razorpay:standard-core:1.6.40] AndroidManifest.xml:15:17-39
37                android:scheme="upi" />
37-->[com.razorpay:standard-core:1.6.40] AndroidManifest.xml:16:17-35
38        </intent>
39        <intent>
39-->[com.razorpay:standard-core:1.6.40] AndroidManifest.xml:28:9-30:18
40            <action android:name="android.intent.action.MAIN" />
40-->src\main\AndroidManifest.xml:35:17-68
40-->src\main\AndroidManifest.xml:35:25-66
41        </intent>
42        <intent>
42-->[com.razorpay:standard-core:1.6.40] AndroidManifest.xml:31:9-35:18
43            <action android:name="android.intent.action.SEND" />
43-->[com.razorpay:standard-core:1.6.40] AndroidManifest.xml:32:13-65
43-->[com.razorpay:standard-core:1.6.40] AndroidManifest.xml:32:21-62
44
45            <data android:mimeType="*/*" />
45-->[com.razorpay:standard-core:1.6.40] AndroidManifest.xml:14:13-16:38
45-->[com.razorpay:standard-core:1.6.40] AndroidManifest.xml:15:17-39
46        </intent>
47        <intent>
47-->[com.razorpay:standard-core:1.6.40] AndroidManifest.xml:36:9-38:18
48            <action android:name="rzp.device_token.share" />
48-->[com.razorpay:standard-core:1.6.40] AndroidManifest.xml:37:13-61
48-->[com.razorpay:standard-core:1.6.40] AndroidManifest.xml:37:21-58
49        </intent> <!-- Added to check if Chrome is installed for browser-based payment authentication (e.g. 3DS1). -->
50        <package android:name="com.android.chrome" />
50-->[com.stripe:payments-core:20.1.0] AndroidManifest.xml:13:9-54
50-->[com.stripe:payments-core:20.1.0] AndroidManifest.xml:13:18-51
51        <package android:name="com.facebook.katana" /> <!-- Needs to be explicitly declared on Android R+ -->
51-->[com.facebook.android:facebook-common:14.1.1] AndroidManifest.xml:30:9-55
51-->[com.facebook.android:facebook-common:14.1.1] AndroidManifest.xml:30:18-52
52        <package android:name="com.google.android.apps.maps" />
52-->[com.google.android.gms:play-services-maps:18.0.2] AndroidManifest.xml:33:9-64
52-->[com.google.android.gms:play-services-maps:18.0.2] AndroidManifest.xml:33:18-61
53
54        <intent>
54-->[com.android.billingclient:billing:6.0.1] AndroidManifest.xml:13:9-15:18
55            <action android:name="com.android.vending.billing.InAppBillingService.BIND" />
55-->[com.android.billingclient:billing:6.0.1] AndroidManifest.xml:14:13-91
55-->[com.android.billingclient:billing:6.0.1] AndroidManifest.xml:14:21-88
56        </intent>
57    </queries>
58
59    <uses-permission android:name="android.permission.POST_NOTIFICATIONS" /> <!-- Create a unique permission for your app and use it so only your app can receive your OneSignal messages. -->
59-->[:flutter_downloader] AndroidManifest.xml:16:5-77
59-->[:flutter_downloader] AndroidManifest.xml:16:22-74
60    <permission
60-->[com.onesignal:OneSignal:4.8.8] AndroidManifest.xml:7:5-9:47
61        android:name="com.oxoo.spagreen.permission.C2D_MESSAGE"
61-->[com.onesignal:OneSignal:4.8.8] AndroidManifest.xml:8:9-63
62        android:protectionLevel="signature" />
62-->[com.onesignal:OneSignal:4.8.8] AndroidManifest.xml:9:9-44
63
64    <uses-permission android:name="com.oxoo.spagreen.permission.C2D_MESSAGE" /> <!-- c2dm RECEIVE are basic requirements for push messages through Google's FCM -->
64-->[com.onesignal:OneSignal:4.8.8] AndroidManifest.xml:11:5-79
64-->[com.onesignal:OneSignal:4.8.8] AndroidManifest.xml:11:22-76
65    <uses-permission android:name="com.google.android.c2dm.permission.RECEIVE" /> <!-- Required, makes sure notifications are delivered on time. -->
65-->[com.onesignal:OneSignal:4.8.8] AndroidManifest.xml:18:5-82
65-->[com.onesignal:OneSignal:4.8.8] AndroidManifest.xml:18:22-79
66    <uses-permission android:name="android.permission.WAKE_LOCK" />
66-->[com.onesignal:OneSignal:4.8.8] AndroidManifest.xml:19:5-68
66-->[com.onesignal:OneSignal:4.8.8] AndroidManifest.xml:19:22-65
67    <!--
68 Required so the device vibrates on receiving a push notification.
69         Vibration settings of the device still apply.
70    -->
71    <uses-permission android:name="android.permission.VIBRATE" />
71-->[com.onesignal:OneSignal:4.8.8] AndroidManifest.xml:24:5-66
71-->[com.onesignal:OneSignal:4.8.8] AndroidManifest.xml:24:22-63
72    <uses-permission android:name="android.permission.ACCESS_NETWORK_STATE" />
72-->[com.onesignal:OneSignal:4.8.8] AndroidManifest.xml:25:5-79
72-->[com.onesignal:OneSignal:4.8.8] AndroidManifest.xml:25:22-76
73    <!--
74 Use to restore notifications the user hasn't interacted with.
75         They could be missed notifications if the user reboots their device if this isn't in place.
76    -->
77    <uses-permission android:name="android.permission.RECEIVE_BOOT_COMPLETED" /> <!-- START: ShortcutBadger -->
77-->[com.onesignal:OneSignal:4.8.8] AndroidManifest.xml:30:5-81
77-->[com.onesignal:OneSignal:4.8.8] AndroidManifest.xml:30:22-78
78    <!-- Samsung -->
79    <uses-permission android:name="com.sec.android.provider.badge.permission.READ" />
79-->[com.onesignal:OneSignal:4.8.8] AndroidManifest.xml:32:5-86
79-->[com.onesignal:OneSignal:4.8.8] AndroidManifest.xml:32:22-83
80    <uses-permission android:name="com.sec.android.provider.badge.permission.WRITE" /> <!-- HTC -->
80-->[com.onesignal:OneSignal:4.8.8] AndroidManifest.xml:33:5-87
80-->[com.onesignal:OneSignal:4.8.8] AndroidManifest.xml:33:22-84
81    <uses-permission android:name="com.htc.launcher.permission.READ_SETTINGS" />
81-->[com.onesignal:OneSignal:4.8.8] AndroidManifest.xml:34:5-81
81-->[com.onesignal:OneSignal:4.8.8] AndroidManifest.xml:34:22-78
82    <uses-permission android:name="com.htc.launcher.permission.UPDATE_SHORTCUT" /> <!-- Sony -->
82-->[com.onesignal:OneSignal:4.8.8] AndroidManifest.xml:35:5-83
82-->[com.onesignal:OneSignal:4.8.8] AndroidManifest.xml:35:22-80
83    <uses-permission android:name="com.sonyericsson.home.permission.BROADCAST_BADGE" />
83-->[com.onesignal:OneSignal:4.8.8] AndroidManifest.xml:36:5-88
83-->[com.onesignal:OneSignal:4.8.8] AndroidManifest.xml:36:22-85
84    <uses-permission android:name="com.sonymobile.home.permission.PROVIDER_INSERT_BADGE" /> <!-- Apex -->
84-->[com.onesignal:OneSignal:4.8.8] AndroidManifest.xml:37:5-92
84-->[com.onesignal:OneSignal:4.8.8] AndroidManifest.xml:37:22-89
85    <uses-permission android:name="com.anddoes.launcher.permission.UPDATE_COUNT" /> <!-- Solid -->
85-->[com.onesignal:OneSignal:4.8.8] AndroidManifest.xml:38:5-84
85-->[com.onesignal:OneSignal:4.8.8] AndroidManifest.xml:38:22-81
86    <uses-permission android:name="com.majeur.launcher.permission.UPDATE_BADGE" /> <!-- Huawei -->
86-->[com.onesignal:OneSignal:4.8.8] AndroidManifest.xml:39:5-83
86-->[com.onesignal:OneSignal:4.8.8] AndroidManifest.xml:39:22-80
87    <uses-permission android:name="com.huawei.android.launcher.permission.CHANGE_BADGE" />
87-->[com.onesignal:OneSignal:4.8.8] AndroidManifest.xml:40:5-91
87-->[com.onesignal:OneSignal:4.8.8] AndroidManifest.xml:40:22-88
88    <uses-permission android:name="com.huawei.android.launcher.permission.READ_SETTINGS" />
88-->[com.onesignal:OneSignal:4.8.8] AndroidManifest.xml:41:5-92
88-->[com.onesignal:OneSignal:4.8.8] AndroidManifest.xml:41:22-89
89    <uses-permission android:name="com.huawei.android.launcher.permission.WRITE_SETTINGS" /> <!-- ZUK -->
89-->[com.onesignal:OneSignal:4.8.8] AndroidManifest.xml:42:5-93
89-->[com.onesignal:OneSignal:4.8.8] AndroidManifest.xml:42:22-90
90    <uses-permission android:name="android.permission.READ_APP_BADGE" /> <!-- OPPO -->
90-->[com.onesignal:OneSignal:4.8.8] AndroidManifest.xml:43:5-73
90-->[com.onesignal:OneSignal:4.8.8] AndroidManifest.xml:43:22-70
91    <uses-permission android:name="com.oppo.launcher.permission.READ_SETTINGS" />
91-->[com.onesignal:OneSignal:4.8.8] AndroidManifest.xml:44:5-82
91-->[com.onesignal:OneSignal:4.8.8] AndroidManifest.xml:44:22-79
92    <uses-permission android:name="com.oppo.launcher.permission.WRITE_SETTINGS" /> <!-- EvMe -->
92-->[com.onesignal:OneSignal:4.8.8] AndroidManifest.xml:45:5-83
92-->[com.onesignal:OneSignal:4.8.8] AndroidManifest.xml:45:22-80
93    <uses-permission android:name="me.everything.badger.permission.BADGE_COUNT_READ" />
93-->[com.onesignal:OneSignal:4.8.8] AndroidManifest.xml:46:5-88
93-->[com.onesignal:OneSignal:4.8.8] AndroidManifest.xml:46:22-85
94    <uses-permission android:name="me.everything.badger.permission.BADGE_COUNT_WRITE" />
94-->[com.onesignal:OneSignal:4.8.8] AndroidManifest.xml:47:5-89
94-->[com.onesignal:OneSignal:4.8.8] AndroidManifest.xml:47:22-86
95    <uses-permission android:name="com.google.android.gms.permission.AD_ID" />
95-->[com.google.android.gms:play-services-measurement-api:21.5.0] AndroidManifest.xml:25:5-79
95-->[com.google.android.gms:play-services-measurement-api:21.5.0] AndroidManifest.xml:25:22-76
96    <uses-permission android:name="android.permission.ACCESS_ADSERVICES_ATTRIBUTION" />
96-->[com.google.android.gms:play-services-measurement-api:21.5.0] AndroidManifest.xml:26:5-88
96-->[com.google.android.gms:play-services-measurement-api:21.5.0] AndroidManifest.xml:26:22-85
97    <uses-permission android:name="android.permission.ACCESS_ADSERVICES_AD_ID" />
97-->[com.google.android.gms:play-services-measurement-api:21.5.0] AndroidManifest.xml:27:5-82
97-->[com.google.android.gms:play-services-measurement-api:21.5.0] AndroidManifest.xml:27:22-79
98
99    <uses-feature
99-->[com.google.android.gms:play-services-maps:18.0.2] AndroidManifest.xml:26:5-28:35
100        android:glEsVersion="0x00020000"
100-->[com.google.android.gms:play-services-maps:18.0.2] AndroidManifest.xml:27:9-41
101        android:required="true" />
101-->[com.google.android.gms:play-services-maps:18.0.2] AndroidManifest.xml:28:9-32
102
103    <uses-permission android:name="com.google.android.finsky.permission.BIND_GET_INSTALL_REFERRER_SERVICE" />
103-->[com.google.android.gms:play-services-measurement:21.5.0] AndroidManifest.xml:26:5-110
103-->[com.google.android.gms:play-services-measurement:21.5.0] AndroidManifest.xml:26:22-107
104    <uses-permission android:name="android.permission.FOREGROUND_SERVICE" />
104-->[androidx.work:work-runtime:2.7.1] AndroidManifest.xml:28:5-77
104-->[androidx.work:work-runtime:2.7.1] AndroidManifest.xml:28:22-74
105
106    <permission
106-->[androidx.core:core:1.10.1] AndroidManifest.xml:22:5-24:47
107        android:name="com.oxoo.spagreen.DYNAMIC_RECEIVER_NOT_EXPORTED_PERMISSION"
107-->[androidx.core:core:1.10.1] AndroidManifest.xml:23:9-81
108        android:protectionLevel="signature" />
108-->[androidx.core:core:1.10.1] AndroidManifest.xml:24:9-44
109
110    <uses-permission android:name="com.oxoo.spagreen.DYNAMIC_RECEIVER_NOT_EXPORTED_PERMISSION" />
110-->[androidx.core:core:1.10.1] AndroidManifest.xml:26:5-97
110-->[androidx.core:core:1.10.1] AndroidManifest.xml:26:22-94
111    <uses-permission android:name="com.android.vending.BILLING" />
111-->[com.android.billingclient:billing:6.0.1] AndroidManifest.xml:10:5-67
111-->[com.android.billingclient:billing:6.0.1] AndroidManifest.xml:10:22-64
112
113    <application
114        android:name="android.app.Application"
114-->src\main\AndroidManifest.xml:9:9-42
115        android:appComponentFactory="androidx.core.app.CoreComponentFactory"
115-->[androidx.core:core:1.10.1] AndroidManifest.xml:28:18-86
116        android:icon="@mipmap/ic_launcher"
116-->src\main\AndroidManifest.xml:11:9-43
117        android:label="OXOO-Flutter"
117-->src\main\AndroidManifest.xml:8:9-37
118        android:supportsRtl="true"
118-->[com.facebook.android:facebook-login:14.1.1] AndroidManifest.xml:28:18-44
119        android:usesCleartextTraffic="true" >
119-->src\main\AndroidManifest.xml:10:9-44
120        <meta-data
120-->src\main\AndroidManifest.xml:12:9-14:69
121            android:name="com.google.android.gms.ads.APPLICATION_ID"
121-->src\main\AndroidManifest.xml:13:13-69
122            android:value="ca-app-pub-3940256099942544~3347511713" />
122-->src\main\AndroidManifest.xml:14:13-67
123        <meta-data
123-->src\main\AndroidManifest.xml:16:9-17:54
124            android:name="com.facebook.sdk.ApplicationId"
124-->src\main\AndroidManifest.xml:16:20-65
125            android:value="@string/facebook_app_id" />
125-->src\main\AndroidManifest.xml:17:13-52
126
127        <activity
127-->src\main\AndroidManifest.xml:18:9-38:20
128            android:name="com.oxoo.spagreen.MainActivity"
128-->src\main\AndroidManifest.xml:19:13-41
129            android:configChanges="orientation|keyboardHidden|keyboard|screenSize|smallestScreenSize|locale|layoutDirection|fontScale|screenLayout|density|uiMode"
129-->src\main\AndroidManifest.xml:23:13-163
130            android:exported="true"
130-->src\main\AndroidManifest.xml:20:13-36
131            android:hardwareAccelerated="true"
131-->src\main\AndroidManifest.xml:24:13-47
132            android:launchMode="singleTop"
132-->src\main\AndroidManifest.xml:21:13-43
133            android:theme="@style/LaunchTheme"
133-->src\main\AndroidManifest.xml:22:13-47
134            android:windowSoftInputMode="adjustResize" >
134-->src\main\AndroidManifest.xml:25:13-55
135
136            <!--
137                 Specifies an Android theme to apply to this Activity as soon as
138                 the Android process has started. This theme is visible to the user
139                 while the Flutter UI initializes. After that, this theme continues
140                 to determine the Window background behind the Flutter UI.
141            -->
142            <meta-data
142-->src\main\AndroidManifest.xml:30:13-33:17
143                android:name="io.flutter.embedding.android.NormalTheme"
143-->src\main\AndroidManifest.xml:31:15-70
144                android:resource="@style/NormalTheme" />
144-->src\main\AndroidManifest.xml:32:15-52
145
146            <intent-filter>
146-->src\main\AndroidManifest.xml:34:13-37:29
147                <action android:name="android.intent.action.MAIN" />
147-->src\main\AndroidManifest.xml:35:17-68
147-->src\main\AndroidManifest.xml:35:25-66
148
149                <category android:name="android.intent.category.LAUNCHER" />
149-->src\main\AndroidManifest.xml:36:17-76
149-->src\main\AndroidManifest.xml:36:27-74
150            </intent-filter>
151        </activity>
152
153        <provider
154            android:name="vn.hunghd.flutterdownloader.DownloadedFileProvider"
154-->src\main\AndroidManifest.xml:40:13-78
155            android:authorities="com.oxoo.spagreen.flutter_downloader.provider"
155-->src\main\AndroidManifest.xml:41:13-79
156            android:exported="false"
156-->src\main\AndroidManifest.xml:42:13-37
157            android:grantUriPermissions="true" >
157-->src\main\AndroidManifest.xml:43:13-47
158            <meta-data
158-->src\main\AndroidManifest.xml:44:13-46:57
159                android:name="android.support.FILE_PROVIDER_PATHS"
159-->src\main\AndroidManifest.xml:45:17-67
160                android:resource="@xml/provider_paths" />
160-->src\main\AndroidManifest.xml:46:17-55
161        </provider>
162
163        <meta-data
163-->src\main\AndroidManifest.xml:48:9-50:39
164            android:name="com.onesignal.NotificationOpened.DEFAULT"
164-->src\main\AndroidManifest.xml:49:13-68
165            android:value="DISABLE" />
165-->src\main\AndroidManifest.xml:50:13-36
166        <!--
167             Don't delete the meta-data below.
168             This is used by the Flutter tool to generate GeneratedPluginRegistrant.java
169        -->
170        <meta-data
170-->src\main\AndroidManifest.xml:53:9-55:33
171            android:name="flutterEmbedding"
171-->src\main\AndroidManifest.xml:54:13-44
172            android:value="2" />
172-->src\main\AndroidManifest.xml:55:13-30
173
174        <service
174-->[:firebase_auth] AndroidManifest.xml:10:9-14:19
175            android:name="com.google.firebase.components.ComponentDiscoveryService"
175-->[:firebase_auth] AndroidManifest.xml:10:18-89
176            android:directBootAware="true"
176-->[com.google.firebase:firebase-common:20.4.2] AndroidManifest.xml:32:13-43
177            android:exported="false" >
177-->[com.google.firebase:firebase-auth:22.3.0] AndroidManifest.xml:68:13-37
178            <meta-data
178-->[:firebase_auth] AndroidManifest.xml:11:13-13:85
179                android:name="com.google.firebase.components:io.flutter.plugins.firebase.auth.FlutterFirebaseAuthRegistrar"
179-->[:firebase_auth] AndroidManifest.xml:12:17-124
180                android:value="com.google.firebase.components.ComponentRegistrar" />
180-->[:firebase_auth] AndroidManifest.xml:13:17-82
181            <meta-data
181-->[:firebase_core] AndroidManifest.xml:11:13-13:85
182                android:name="com.google.firebase.components:io.flutter.plugins.firebase.core.FlutterFirebaseCoreRegistrar"
182-->[:firebase_core] AndroidManifest.xml:12:17-124
183                android:value="com.google.firebase.components.ComponentRegistrar" />
183-->[:firebase_core] AndroidManifest.xml:13:17-82
184            <meta-data
184-->[com.google.firebase:firebase-auth:22.3.0] AndroidManifest.xml:69:13-71:85
185                android:name="com.google.firebase.components:com.google.firebase.auth.FirebaseAuthRegistrar"
185-->[com.google.firebase:firebase-auth:22.3.0] AndroidManifest.xml:70:17-109
186                android:value="com.google.firebase.components.ComponentRegistrar" />
186-->[com.google.firebase:firebase-auth:22.3.0] AndroidManifest.xml:71:17-82
187            <meta-data
187-->[com.google.firebase:firebase-messaging:23.3.1] AndroidManifest.xml:57:13-59:85
188                android:name="com.google.firebase.components:com.google.firebase.messaging.FirebaseMessagingKtxRegistrar"
188-->[com.google.firebase:firebase-messaging:23.3.1] AndroidManifest.xml:58:17-122
189                android:value="com.google.firebase.components.ComponentRegistrar" />
189-->[com.google.firebase:firebase-messaging:23.3.1] AndroidManifest.xml:59:17-82
190            <meta-data
190-->[com.google.firebase:firebase-messaging:23.3.1] AndroidManifest.xml:60:13-62:85
191                android:name="com.google.firebase.components:com.google.firebase.messaging.FirebaseMessagingRegistrar"
191-->[com.google.firebase:firebase-messaging:23.3.1] AndroidManifest.xml:61:17-119
192                android:value="com.google.firebase.components.ComponentRegistrar" />
192-->[com.google.firebase:firebase-messaging:23.3.1] AndroidManifest.xml:62:17-82
193            <meta-data
193-->[com.google.android.gms:play-services-measurement-api:21.5.0] AndroidManifest.xml:37:13-39:85
194                android:name="com.google.firebase.components:com.google.firebase.analytics.connector.internal.AnalyticsConnectorRegistrar"
194-->[com.google.android.gms:play-services-measurement-api:21.5.0] AndroidManifest.xml:38:17-139
195                android:value="com.google.firebase.components.ComponentRegistrar" />
195-->[com.google.android.gms:play-services-measurement-api:21.5.0] AndroidManifest.xml:39:17-82
196            <meta-data
196-->[com.google.firebase:firebase-installations:17.2.0] AndroidManifest.xml:15:13-17:85
197                android:name="com.google.firebase.components:com.google.firebase.installations.FirebaseInstallationsKtxRegistrar"
197-->[com.google.firebase:firebase-installations:17.2.0] AndroidManifest.xml:16:17-130
198                android:value="com.google.firebase.components.ComponentRegistrar" />
198-->[com.google.firebase:firebase-installations:17.2.0] AndroidManifest.xml:17:17-82
199            <meta-data
199-->[com.google.firebase:firebase-installations:17.2.0] AndroidManifest.xml:18:13-20:85
200                android:name="com.google.firebase.components:com.google.firebase.installations.FirebaseInstallationsRegistrar"
200-->[com.google.firebase:firebase-installations:17.2.0] AndroidManifest.xml:19:17-127
201                android:value="com.google.firebase.components.ComponentRegistrar" />
201-->[com.google.firebase:firebase-installations:17.2.0] AndroidManifest.xml:20:17-82
202            <meta-data
202-->[com.google.firebase:firebase-common-ktx:20.4.2] AndroidManifest.xml:12:13-14:85
203                android:name="com.google.firebase.components:com.google.firebase.ktx.FirebaseCommonLegacyRegistrar"
203-->[com.google.firebase:firebase-common-ktx:20.4.2] AndroidManifest.xml:13:17-116
204                android:value="com.google.firebase.components.ComponentRegistrar" />
204-->[com.google.firebase:firebase-common-ktx:20.4.2] AndroidManifest.xml:14:17-82
205            <meta-data
205-->[com.google.firebase:firebase-common:20.4.2] AndroidManifest.xml:35:13-37:85
206                android:name="com.google.firebase.components:com.google.firebase.FirebaseCommonKtxRegistrar"
206-->[com.google.firebase:firebase-common:20.4.2] AndroidManifest.xml:36:17-109
207                android:value="com.google.firebase.components.ComponentRegistrar" />
207-->[com.google.firebase:firebase-common:20.4.2] AndroidManifest.xml:37:17-82
208            <meta-data
208-->[com.google.firebase:firebase-datatransport:18.1.7] AndroidManifest.xml:27:13-29:85
209                android:name="com.google.firebase.components:com.google.firebase.datatransport.TransportRegistrar"
209-->[com.google.firebase:firebase-datatransport:18.1.7] AndroidManifest.xml:28:17-115
210                android:value="com.google.firebase.components.ComponentRegistrar" />
210-->[com.google.firebase:firebase-datatransport:18.1.7] AndroidManifest.xml:29:17-82
211        </service>
212
213        <activity
213-->[:flutter_inappwebview] AndroidManifest.xml:16:9-20:47
214            android:name="com.pichillilorenzo.flutter_inappwebview.in_app_browser.InAppBrowserActivity"
214-->[:flutter_inappwebview] AndroidManifest.xml:17:13-104
215            android:configChanges="orientation|keyboardHidden|keyboard|screenSize|locale|layoutDirection|fontScale|screenLayout|density"
215-->[:flutter_inappwebview] AndroidManifest.xml:18:13-137
216            android:exported="false"
216-->[:flutter_inappwebview] AndroidManifest.xml:19:13-37
217            android:theme="@style/AppTheme" />
217-->[:flutter_inappwebview] AndroidManifest.xml:20:13-44
218        <activity
218-->[:flutter_inappwebview] AndroidManifest.xml:21:9-24:55
219            android:name="com.pichillilorenzo.flutter_inappwebview.chrome_custom_tabs.ChromeCustomTabsActivity"
219-->[:flutter_inappwebview] AndroidManifest.xml:22:13-112
220            android:exported="false"
220-->[:flutter_inappwebview] AndroidManifest.xml:23:13-37
221            android:theme="@style/ThemeTransparent" />
221-->[:flutter_inappwebview] AndroidManifest.xml:24:13-52
222        <activity
222-->[:flutter_inappwebview] AndroidManifest.xml:25:9-28:55
223            android:name="com.pichillilorenzo.flutter_inappwebview.chrome_custom_tabs.TrustedWebActivity"
223-->[:flutter_inappwebview] AndroidManifest.xml:26:13-106
224            android:exported="false"
224-->[:flutter_inappwebview] AndroidManifest.xml:27:13-37
225            android:theme="@style/ThemeTransparent" />
225-->[:flutter_inappwebview] AndroidManifest.xml:28:13-52
226        <activity
226-->[:flutter_inappwebview] AndroidManifest.xml:29:9-33:55
227            android:name="com.pichillilorenzo.flutter_inappwebview.chrome_custom_tabs.ChromeCustomTabsActivitySingleInstance"
227-->[:flutter_inappwebview] AndroidManifest.xml:30:13-126
228            android:exported="false"
228-->[:flutter_inappwebview] AndroidManifest.xml:31:13-37
229            android:launchMode="singleInstance"
229-->[:flutter_inappwebview] AndroidManifest.xml:32:13-48
230            android:theme="@style/ThemeTransparent" />
230-->[:flutter_inappwebview] AndroidManifest.xml:33:13-52
231        <activity
231-->[:flutter_inappwebview] AndroidManifest.xml:34:9-38:55
232            android:name="com.pichillilorenzo.flutter_inappwebview.chrome_custom_tabs.TrustedWebActivitySingleInstance"
232-->[:flutter_inappwebview] AndroidManifest.xml:35:13-120
233            android:exported="false"
233-->[:flutter_inappwebview] AndroidManifest.xml:36:13-37
234            android:launchMode="singleInstance"
234-->[:flutter_inappwebview] AndroidManifest.xml:37:13-48
235            android:theme="@style/ThemeTransparent" />
235-->[:flutter_inappwebview] AndroidManifest.xml:38:13-52
236
237        <receiver
237-->[:flutter_inappwebview] AndroidManifest.xml:40:9-43:40
238            android:name="com.pichillilorenzo.flutter_inappwebview.chrome_custom_tabs.ActionBroadcastReceiver"
238-->[:flutter_inappwebview] AndroidManifest.xml:41:13-111
239            android:enabled="true"
239-->[:flutter_inappwebview] AndroidManifest.xml:42:13-35
240            android:exported="false" />
240-->[:flutter_inappwebview] AndroidManifest.xml:43:13-37
241
242        <meta-data
242-->[:flutter_inappwebview] AndroidManifest.xml:45:9-47:36
243            android:name="io.flutter.embedded_views_preview"
243-->[:flutter_inappwebview] AndroidManifest.xml:46:13-61
244            android:value="true" />
244-->[:flutter_inappwebview] AndroidManifest.xml:47:13-33
245
246        <provider
246-->[:image_picker_android] AndroidManifest.xml:10:9-18:20
247            android:name="io.flutter.plugins.imagepicker.ImagePickerFileProvider"
247-->[:image_picker_android] AndroidManifest.xml:11:13-82
248            android:authorities="com.oxoo.spagreen.flutter.image_provider"
248-->[:image_picker_android] AndroidManifest.xml:12:13-74
249            android:exported="false"
249-->[:image_picker_android] AndroidManifest.xml:13:13-37
250            android:grantUriPermissions="true" >
250-->[:image_picker_android] AndroidManifest.xml:14:13-47
251            <meta-data
251-->src\main\AndroidManifest.xml:44:13-46:57
252                android:name="android.support.FILE_PROVIDER_PATHS"
252-->src\main\AndroidManifest.xml:45:17-67
253                android:resource="@xml/flutter_image_picker_file_paths" />
253-->src\main\AndroidManifest.xml:46:17-55
254        </provider>
255
256        <activity
256-->[:url_launcher_android] AndroidManifest.xml:10:9-13:74
257            android:name="io.flutter.plugins.urllauncher.WebViewActivity"
257-->[:url_launcher_android] AndroidManifest.xml:11:13-74
258            android:exported="false"
258-->[:url_launcher_android] AndroidManifest.xml:12:13-37
259            android:theme="@android:style/Theme.NoTitleBar.Fullscreen" />
259-->[:url_launcher_android] AndroidManifest.xml:13:13-71
260
261        <receiver
261-->[com.onesignal:OneSignal:4.8.8] AndroidManifest.xml:50:9-61:20
262            android:name="com.onesignal.FCMBroadcastReceiver"
262-->[com.onesignal:OneSignal:4.8.8] AndroidManifest.xml:51:13-62
263            android:exported="true"
263-->[com.onesignal:OneSignal:4.8.8] AndroidManifest.xml:52:13-36
264            android:permission="com.google.android.c2dm.permission.SEND" >
264-->[com.onesignal:OneSignal:4.8.8] AndroidManifest.xml:53:13-73
265
266            <!-- High priority so OneSignal payloads can be filtered from other FCM receivers -->
267            <intent-filter android:priority="999" >
267-->[com.onesignal:OneSignal:4.8.8] AndroidManifest.xml:56:13-60:29
267-->[com.onesignal:OneSignal:4.8.8] AndroidManifest.xml:56:28-50